<?xml version="1.0" encoding="UTF-8"?>
<!-- Generated by org.testng.reporters.JUnitReportReporter -->
<testsuite hostname="DESKTOP-2LPG92S" failures="0" tests="4" name="SauceTC.SaucePageTest" time="38.578" errors="0" timestamp="2020-07-14T14:49:08 CEST" skipped="0">
  <testcase classname="SauceTC.SaucePageTest" name="verifyLogin" time="3.207"/>
  <system-out/>
  <testcase classname="SauceTC.SaucePageTest" name="VerifyErrorMessageWhenUserNameIsMisssing" time="3.289"/>
  <system-out/>
  <testcase classname="SauceTC.SaucePageTest" name="VerifyErrWhenPassMiss" time="3.375"/>
  <system-out/>
  <testcase classname="SauceTC.SaucePageTest" name="VerifyAddedItemIsDisplayed" time="28.707"/>
  <system-out/>
</testsuite> <!-- SauceTC.SaucePageTest -->
