<?xml version="1.0" encoding="UTF-8"?>
<!-- Generated by org.testng.reporters.JUnitReportReporter -->
<testsuite hostname="DESKTOP-2LPG92S" failures="0" tests="1" name="SauceTC.Cart" time="28.603" errors="0" timestamp="2020-07-14T14:41:11 CEST" skipped="0">
  <testcase classname="SauceTC.Cart" name="VerifyAddedItemIsDisplayed" time="28.603"/>
  <system-out/>
</testsuite> <!-- SauceTC.Cart -->
